<?xml version="1.0" encoding="UTF-8"?>
<!-- Generated by org.testng.reporters.JUnitReportReporter -->
<testsuite hostname="INTERIA" failures="0" tests="3" name="FunctionLibrary.OtherFunctions" time="32.628" errors="0" timestamp="2024-11-21T13:18:21 IST" skipped="0">
  <testcase classname="FunctionLibrary.OtherFunctions" name="googleSearchAndSelectItem" time="9.683"/>
  <testcase classname="FunctionLibrary.OtherFunctions" name="googleSearchTest" time="9.726"/>
  <testcase classname="FunctionLibrary.OtherFunctions" name="googleMission" time="13.219"/>
</testsuite> <!-- FunctionLibrary.OtherFunctions -->
