<?xml version="1.0" encoding="UTF-8"?>
<!-- Generated by org.testng.reporters.JUnitReportReporter -->
<testsuite hostname="INTERIA" failures="0" tests="2" name="FunctionLibrary.OtherFunctions" time="18.954" errors="0" timestamp="2024-11-21T11:47:43 IST" skipped="0">
  <testcase classname="FunctionLibrary.OtherFunctions" name="googleSearchTest" time="9.112"/>
  <testcase classname="FunctionLibrary.OtherFunctions" name="googleSearchAndSelectItem" time="9.842"/>
</testsuite> <!-- FunctionLibrary.OtherFunctions -->
