<?xml version="1.0" encoding="UTF-8"?>
<!-- Generated by org.testng.reporters.JUnitReportReporter -->
<testsuite hostname="INTERIA" failures="0" tests="3" name="FunctionLibrary.OtherFunctions" time="36.824" errors="0" timestamp="2024-11-21T12:29:53 IST" skipped="0">
  <testcase classname="FunctionLibrary.OtherFunctions" name="googleSearchTest" time="6.855"/>
  <testcase classname="FunctionLibrary.OtherFunctions" name="googleSearchAndSelectItem" time="15.586"/>
  <testcase classname="FunctionLibrary.OtherFunctions" name="googleMission" time="14.383"/>
</testsuite> <!-- FunctionLibrary.OtherFunctions -->
