<?xml version="1.0" encoding="UTF-8"?>
<!-- Generated by org.testng.reporters.JUnitReportReporter -->
<testsuite hostname="INTERIA" failures="0" tests="1" name="FunctionLibrary.OtherFunctions" time="1.372" errors="0" timestamp="2024-11-21T09:43:33 IST" skipped="0">
  <testcase classname="FunctionLibrary.OtherFunctions" name="googleSearchTest" time="1.372"/>
</testsuite> <!-- FunctionLibrary.OtherFunctions -->
