<?xml version="1.0" encoding="UTF-8"?>
<!-- Generated by org.testng.reporters.JUnitReportReporter -->
<testsuite hostname="INTERIA" failures="0" tests="1" name="FunctionLibrary.OtherFunctions" time="4.680" errors="0" timestamp="2024-11-21T09:58:46 IST" skipped="0">
  <testcase classname="FunctionLibrary.OtherFunctions" name="googleSearchTest" time="4.680"/>
</testsuite> <!-- FunctionLibrary.OtherFunctions -->
